MPASM 5.77                   BCD_ENCODER.ASM   7-8-2018  3:35:03         PAGE  1


LOC  OBJECT CODE     LINE SOURCE TEXT
  VALUE

0000                  00001 ﻿;-----------------------------------------------
                      00002 ;
                      00003 ;     BCD ENCODER
                      00004 ;
                      00005 ;     Author: Austin Atteberry
                      00006 ;     Description: A simple active-low BCD
                      00007 ;                  encoder for the PIC16F628A
                      00008 ;
                      00009 ;-----------------------------------------------
                      00010 
0000                  00011 #header
                      00012                   errorlevel -216
                      00013                   errorlevel -302
                      00014                   errorlevel -303
0000                  00015 #endheader
                      00016 
                      00017 ;-----------------------------------------------
                      00018 ;     CONFIGURATION
                      00019 ;-----------------------------------------------
                      00020                   list              p=16f628a
                      00021                   radix             dec
                      00022                   #include          "p16f628a.inc"
                      00001         LIST
                      00002 
                      00003 ;==========================================================================
                      00004 ; Build date : Nov 22 2017
                      00005 ;  MPASM PIC16F628A processor include
                      00006 ; 
                      00007 ;  (c) Copyright 1999-2017 Microchip Technology, All rights reserved
                      00008 ;==========================================================================
                      00009 
                      00386         LIST
2007   3F18           00023                   __config          _FOSC_INTOSCIO & _WDT_OFF & _PWRTE_OFF & _MCLRE_OFF & _BOREN_OFF & _
                            LVP_OFF & _CPD_OFF & _CP_OFF
                      00024 
                      00025 ;-----------------------------------------------
                      00026 ;     CODE
                      00027 ;-----------------------------------------------
0000                  00028                   org               0x0000
0000   2810           00029                   goto              INIT_PORTA
                      00030 
0010                  00031                   org               0x0010
                      00032 
0010   0185           00033 INIT_PORTA:       clrf              PORTA             ; Clear PORTA
0011   3007           00034                   movlw             0x0007            ; Move 0b00000111 to ACC
0012   009F           00035                   movwf             CMCON             ; Disable CMCON
0013   1303           00036                   bcf               STATUS, RP1       ; Clear RP1
0014   1683           00037                   bsf               STATUS, RP0       ; Set RP0
0015   30FF           00038                   movlw             0x00FF            ; Move 0b11111111 to ACC
0016   0085           00039                   movwf             TRISA             ; Set PORTA as input
0017   1283           00040                   bcf               STATUS, RP0       ; Clear RP0
0018   2820           00041                   goto              INIT_PORTB
                      00042 
MPASM 5.77                   BCD_ENCODER.ASM   7-8-2018  3:35:03         PAGE  2


LOC  OBJECT CODE     LINE SOURCE TEXT
  VALUE

0020                  00043                   org               0x0020
                      00044 
0020   0186           00045 INIT_PORTB:       clrf              PORTB             ; Clear PORTB
0021   1683           00046                   bsf               STATUS, RP0       ; Set RP0
0022   3000           00047                   movlw             0x0000            ; Move 0b00000000 to ACC
0023   0086           00048                   movwf             TRISB             ; Set PORTB as output
0024   1283           00049                   bcf               STATUS, RP0       ; Clear RP0
0025   30FF           00050                   movlw             0x00FF            ; Move 0b11111111 to ACC
0026   0086           00051                   movwf             PORTB             ; Set PORTB high
0027   2830           00052                   goto              START
                      00053 
0030                  00054                   org               0x0030
                      00055 
0030   1D85           00056 START:            btfss             PORTA, 3          ; Check A.3 bit
0031   2839           00057                   goto              FOUR_DIG          ; A.3 bit active (low)
0032   1D05           00058                   btfss             PORTA, 2          ; Check A.2 bit
0033   2840           00059                   goto              THREE_DIG         ; A.2 bit active (low)
0034   1C85           00060                   btfss             PORTA, 1          ; Check A.1 bit
0035   2848           00061                   goto              TWO_DIG           ; A.1 bit active (low)
0036   1C05           00062                   btfss             PORTA, 0          ; Check A.0 bit
0037   284E           00063                   goto              DISP_ONE          ; A.0 bit active (low)
0038   284B           00064                   goto              DISP_ZERO
                      00065 
0039   1D05           00066 FOUR_DIG          btfss             PORTA, 2          ; Check A.2 bit
003A   2869           00067                   goto              DISP_OFF          ; A.2 bit active (low)
003B   1C85           00068                   btfss             PORTA, 1          ; Check A.1 bit
003C   2869           00069                   goto              DISP_OFF          ; A.1 bit active (low)
003D   1C05           00070                   btfss             PORTA, 0          ; Check A.0 bit
003E   2866           00071                   goto              DISP_NINE         ; A.0 bit active (low)
003F   2863           00072                   goto              DISP_EIGHT
                      00073 
0040   1C85           00074 THREE_DIG         btfss             PORTA, 1          ; Check A.1 bit
0041   2845           00075                   goto              THREE_DIG_1       ; A.1 bit active (low)
0042   1C05           00076                   btfss             PORTA, 0          ; Check A.0 bit
0043   285A           00077                   goto              DISP_FIVE         ; A.0 bit active (low)
0044   2857           00078                   goto              DISP_FOUR
                      00079 
0045   1C05           00080 THREE_DIG_1       btfss             PORTA, 0          ; Check A.0 bit
0046   2860           00081                   goto              DISP_SEVEN        ; A.0 bit active (low)
0047   285D           00082                   goto              DISP_SIX
                      00083 
0048   1C05           00084 TWO_DIG           btfss             PORTA, 0          ; Check A.0 bit
0049   2854           00085                   goto              DISP_THREE        ; A.0 bit active (low)
004A   2851           00086                   goto              DISP_TWO
                      00087 
004B   3081           00088 DISP_ZERO         movlw             0x0081            ; Move 0b10000001 to ACC
004C   0086           00089                   movwf             PORTB             ; Move ACC to PORTB
004D   2830           00090                   goto              START
                      00091 
004E   30CF           00092 DISP_ONE          movlw             0x00CF            ; Move 0b11001111 to ACC
004F   0086           00093                   movwf             PORTB             ; Move ACC to PORTB
0050   2830           00094                   goto              START
                      00095 
MPASM 5.77                   BCD_ENCODER.ASM   7-8-2018  3:35:03         PAGE  3


LOC  OBJECT CODE     LINE SOURCE TEXT
  VALUE

0051   3092           00096 DISP_TWO          movlw             0x0092            ; Move 0b10010010 to ACC
0052   0086           00097                   movwf             PORTB             ; Move ACC to PORTB
0053   2830           00098                   goto              START
                      00099 
0054   3086           00100 DISP_THREE        movlw             0x0086            ; Move 0b10000110 to ACC
0055   0086           00101                   movwf             PORTB             ; Move ACC to PORTB
0056   2830           00102                   goto              START
                      00103 
0057   30CC           00104 DISP_FOUR         movlw             0x00CC            ; Move 0b11001100 to ACC
0058   0086           00105                   movwf             PORTB             ; Move ACC to PORTB
0059   2830           00106                   goto              START
                      00107 
005A   30A4           00108 DISP_FIVE         movlw             0x00A4            ; Move 0b10100100 to ACC
005B   0086           00109                   movwf             PORTB             ; Move ACC to PORTB
005C   2830           00110                   goto              START
                      00111 
005D   30A0           00112 DISP_SIX          movlw             0x00A0            ; Move 0b10100000 to ACC
005E   0086           00113                   movwf             PORTB             ; Move ACC to PORTB
005F   2830           00114                   goto              START
                      00115 
0060   308F           00116 DISP_SEVEN        movlw             0x008F            ; Move 0b10001111 to ACC
0061   0086           00117                   movwf             PORTB             ; Move ACC to PORTB
0062   2830           00118                   goto              START
                      00119 
0063   3080           00120 DISP_EIGHT        movlw             0x0080            ; Move 0b10000000 to ACC
0064   0086           00121                   movwf             PORTB             ; Move ACC to PORTB
0065   2830           00122                   goto              START
                      00123 
0066   308C           00124 DISP_NINE         movlw             0x008C            ; Move 0b10001100 to ACC
0067   0086           00125                   movwf             PORTB             ; Move ACC to PORTB
0068   2830           00126                   goto              START
                      00127 
0069   30FF           00128 DISP_OFF          movlw             0x00FF            ; Move 0b11111111 to ACC
006A   0086           00129                   movwf             PORTB             ; Move ACC to PORTB
006B   2830           00130                   goto              START
                      00131 
                      00132                   end
MPASM 5.77                   BCD_ENCODER.ASM   7-8-2018  3:35:03         PAGE  4


SYMBOL TABLE
  LABEL                             VALUE 

#endheader                        00000000
#header                           00000000
ADDEN                             00000003
ADEN                              00000003
BRGH                              00000002
C                                 00000000
C1INV                             00000004
C1OUT                             00000006
C2INV                             00000005
C2OUT                             00000007
CCP1CON                           00000017
CCP1IE                            00000002
CCP1IF                            00000002
CCP1M0                            00000000
CCP1M1                            00000001
CCP1M2                            00000002
CCP1M3                            00000003
CCP1X                             00000005
CCP1Y                             00000004
CCPR1                             00000015
CCPR1H                            00000016
CCPR1L                            00000015
CIS                               00000003
CM0                               00000000
CM1                               00000001
CM2                               00000002
CMCON                             0000001F
CMIE                              00000006
CMIF                              00000006
CREN                              00000004
CSRC                              00000007
DATA_CP_OFF                       00003FFF
DATA_CP_ON                        00003EFF
DC                                00000001
DISP_EIGHT                        00000063
DISP_FIVE                         0000005A
DISP_FOUR                         00000057
DISP_NINE                         00000066
DISP_OFF                          00000069
DISP_ONE                          0000004E
DISP_SEVEN                        00000060
DISP_SIX                          0000005D
DISP_THREE                        00000054
DISP_TWO                          00000051
DISP_ZERO                         0000004B
EEADR                             0000009B
EECON1                            0000009C
EECON2                            0000009D
EEDATA                            0000009A
EEIE                              00000007
EEIF                              00000007
F                                 00000001
FERR                              00000002
MPASM 5.77                   BCD_ENCODER.ASM   7-8-2018  3:35:03         PAGE  5


SYMBOL TABLE
  LABEL                             VALUE 

FOUR_DIG                          00000039
FSR                               00000004
GIE                               00000007
INDF                              00000000
INIT_PORTA                        00000010
INIT_PORTB                        00000020
INTCON                            0000000B
INTE                              00000004
INTEDG                            00000006
INTF                              00000001
IRP                               00000007
NOT_BO                            00000000
NOT_BOD                           00000000
NOT_BOR                           00000000
NOT_PD                            00000003
NOT_POR                           00000001
NOT_RBPU                          00000007
NOT_T1SYNC                        00000002
NOT_TO                            00000004
OERR                              00000001
OPTION_REG                        00000081
OSCF                              00000003
PCL                               00000002
PCLATH                            0000000A
PCON                              0000008E
PEIE                              00000006
PIE1                              0000008C
PIR1                              0000000C
PORTA                             00000005
PORTB                             00000006
PR2                               00000092
PS0                               00000000
PS1                               00000001
PS2                               00000002
PSA                               00000003
RA0                               00000000
RA1                               00000001
RA2                               00000002
RA3                               00000003
RA4                               00000004
RA5                               00000005
RA6                               00000006
RA7                               00000007
RB0                               00000000
RB1                               00000001
RB2                               00000002
RB3                               00000003
RB4                               00000004
RB5                               00000005
RB6                               00000006
RB7                               00000007
RBIE                              00000003
RBIF                              00000000
MPASM 5.77                   BCD_ENCODER.ASM   7-8-2018  3:35:03         PAGE  6


SYMBOL TABLE
  LABEL                             VALUE 

RCIE                              00000005
RCIF                              00000005
RCREG                             0000001A
RCSTA                             00000018
RD                                00000000
RP0                               00000005
RP1                               00000006
RX9                               00000006
RX9D                              00000000
SPBRG                             00000099
SPEN                              00000007
SREN                              00000005
START                             00000030
STATUS                            00000003
SYNC                              00000004
T0CS                              00000005
T0IE                              00000005
T0IF                              00000002
T0SE                              00000004
T1CKPS0                           00000004
T1CKPS1                           00000005
T1CON                             00000010
T1OSCEN                           00000003
T2CKPS0                           00000000
T2CKPS1                           00000001
T2CON                             00000012
THREE_DIG                         00000040
THREE_DIG_1                       00000045
TMR0                              00000001
TMR0IE                            00000005
TMR0IF                            00000002
TMR1                              0000000E
TMR1CS                            00000001
TMR1H                             0000000F
TMR1IE                            00000000
TMR1IF                            00000000
TMR1L                             0000000E
TMR1ON                            00000000
TMR2                              00000011
TMR2IE                            00000001
TMR2IF                            00000001
TMR2ON                            00000002
TOUTPS0                           00000003
TOUTPS1                           00000004
TOUTPS2                           00000005
TOUTPS3                           00000006
TRISA                             00000085
TRISA0                            00000000
TRISA1                            00000001
TRISA2                            00000002
TRISA3                            00000003
TRISA4                            00000004
TRISA5                            00000005
MPASM 5.77                   BCD_ENCODER.ASM   7-8-2018  3:35:03         PAGE  7


SYMBOL TABLE
  LABEL                             VALUE 

TRISA6                            00000006
TRISA7                            00000007
TRISB                             00000086
TRISB0                            00000000
TRISB1                            00000001
TRISB2                            00000002
TRISB3                            00000003
TRISB4                            00000004
TRISB5                            00000005
TRISB6                            00000006
TRISB7                            00000007
TRMT                              00000001
TWO_DIG                           00000048
TX9                               00000006
TX9D                              00000000
TXEN                              00000005
TXIE                              00000004
TXIF                              00000004
TXREG                             00000019
TXSTA                             00000098
VR0                               00000000
VR1                               00000001
VR2                               00000002
VR3                               00000003
VRCON                             0000009F
VREN                              00000007
VROE                              00000006
VRR                               00000005
W                                 00000000
WR                                00000001
WREN                              00000002
WRERR                             00000003
Z                                 00000002
_BODEN_OFF                        00003FBF
_BODEN_ON                         00003FFF
_BOREN_OFF                        00003FBF
_BOREN_ON                         00003FFF
_CONFIG                           00002007
_CPD_OFF                          00003FFF
_CPD_ON                           00003EFF
_CP_OFF                           00003FFF
_CP_ON                            00001FFF
_DEVID1                           00002006
_ER_OSC_CLKOUT                    00003FFF
_ER_OSC_NOCLKOUT                  00003FFE
_EXTCLK_OSC                       00003FEF
_FOSC_ECIO                        00003FEF
_FOSC_EXTRCCLK                    00003FFF
_FOSC_EXTRCIO                     00003FFE
_FOSC_HS                          00003FEE
_FOSC_INTOSCCLK                   00003FFD
_FOSC_INTOSCIO                    00003FFC
_FOSC_LP                          00003FEC
MPASM 5.77                   BCD_ENCODER.ASM   7-8-2018  3:35:03         PAGE  8


SYMBOL TABLE
  LABEL                             VALUE 

_FOSC_XT                          00003FED
_HS_OSC                           00003FEE
_IDLOC0                           00002000
_IDLOC1                           00002001
_IDLOC2                           00002002
_IDLOC3                           00002003
_INTOSC_OSC_CLKOUT                00003FFD
_INTOSC_OSC_NOCLKOUT              00003FFC
_INTRC_OSC_CLKOUT                 00003FFD
_INTRC_OSC_NOCLKOUT               00003FFC
_LP_OSC                           00003FEC
_LVP_OFF                          00003F7F
_LVP_ON                           00003FFF
_MCLRE_OFF                        00003FDF
_MCLRE_ON                         00003FFF
_PWRTE_OFF                        00003FFF
_PWRTE_ON                         00003FF7
_RC_OSC_CLKOUT                    00003FFF
_RC_OSC_NOCLKOUT                  00003FFE
_WDTE_OFF                         00003FFB
_WDTE_ON                          00003FFF
_WDT_OFF                          00003FFB
_WDT_ON                           00003FFF
_XT_OSC                           00003FED
__16F628A                         00000001
﻿                               00000000


MEMORY USAGE MAP ('X' = Used,  '-' = Unused)

0000 : X--------------- XXXXXXXXX------- XXXXXXXX-------- XXXXXXXXXXXXXXXX
0040 : XXXXXXXXXXXXXXXX XXXXXXXXXXXXXXXX XXXXXXXXXXXX---- ----------------
2000 : -------X-------- ---------------- ---------------- ----------------

All other memory blocks unused.

Program Memory Words Used:    78
Program Memory Words Free:  1970


Errors   :     0
Warnings :     0 reported,     1 suppressed
Messages :     0 reported,     2 suppressed

